2024-11-29 23:05:51.925 [info] [main] Log level: Info
2024-11-29 23:05:51.925 [info] [main] Validating found git in: "git"
2024-11-29 23:05:51.925 [info] [main] Using git "2.43.0" from "git"
2024-11-29 23:05:51.925 [info] [Model][doInitialScan] Initial repository scan started
2024-11-29 23:05:51.925 [info] > git rev-parse --show-toplevel [27ms]
2024-11-29 23:05:51.925 [info] fatal: not a git repository (or any of the parent directories): .git
2024-11-29 23:05:51.925 [info] > git rev-parse --show-toplevel [20ms]
2024-11-29 23:05:51.925 [info] fatal: not a git repository (or any of the parent directories): .git
2024-11-29 23:05:51.925 [info] [Model][doInitialScan] Initial repository scan completed - repositories (0), closed repositories (0), parent repositories (0), unsafe repositories (0)
2024-11-29 23:05:53.625 [info] > git rev-parse --show-toplevel [2ms]
2024-11-29 23:05:53.625 [info] fatal: not a git repository (or any of the parent directories): .git
2024-11-29 23:06:13.013 [info] > git init -b main [137ms]
2024-11-29 23:06:13.021 [info] > git rev-parse --show-toplevel [2ms]
2024-11-29 23:06:13.028 [info] > git rev-parse --git-dir --git-common-dir [2ms]
2024-11-29 23:06:13.035 [info] [Model][openRepository] Opened repository: /home/_3xay/Desktop
2024-11-29 23:06:13.047 [info] [Git][getRemotes] No remotes found in the git config file
2024-11-29 23:06:13.047 [info] > git config --get commit.template [5ms]
2024-11-29 23:06:13.049 [info] > git for-each-ref --format=%(refname)%00%(upstream:short)%00%(objectname)%00%(upstream:track)%00%(upstream:remotename)%00%(upstream:remoteref) refs/heads/main refs/remotes/main [2ms]
2024-11-29 23:06:13.049 [warning] [Git][getBranch] No such branch: main
2024-11-29 23:06:13.061 [info] > git for-each-ref --sort -committerdate --format %(refname) %(objectname) %(*objectname) [3ms]
2024-11-29 23:06:13.185 [info] > git status -z -uall [132ms]
2024-11-29 23:06:13.208 [info] > git for-each-ref --format=%(refname)%00%(upstream:short)%00%(objectname)%00%(upstream:track)%00%(upstream:remotename)%00%(upstream:remoteref) refs/heads/main refs/remotes/main [12ms]
2024-11-29 23:06:13.208 [warning] [Git][getBranch] No such branch: main
2024-11-29 23:06:13.211 [error] [GitHistoryProvider][resolveHEADMergeBase] Failed to resolve merge base for main: Error: No such branch: main.
2024-11-29 23:06:13.211 [info] > git config --get commit.template [7ms]
2024-11-29 23:06:13.215 [info] [Git][getRemotes] No remotes found in the git config file
2024-11-29 23:06:13.236 [info] > git for-each-ref --format=%(refname)%00%(upstream:short)%00%(objectname)%00%(upstream:track)%00%(upstream:remotename)%00%(upstream:remoteref) refs/heads/main refs/remotes/main [21ms]
2024-11-29 23:06:13.236 [warning] [Git][getBranch] No such branch: main
2024-11-29 23:06:13.247 [info] > git status -z -uall [5ms]
2024-11-29 23:06:13.248 [info] > git log --format=%H%n%aN%n%aE%n%at%n%ct%n%P%n%D%n%B -z --shortstat --diff-merges=first-parent -n50 --skip=0 --topo-order --decorate=full --stdin [12ms]
2024-11-29 23:06:13.248 [info] fatal: bad revision 'refs/heads/main'
2024-11-29 23:06:13.248 [error] [GitHistoryProvider][provideHistoryItems] Failed to get history items with options '{"historyItemRefs":["refs/heads/main"],"limit":50,"skip":0}': Failed to execute git {
  "exitCode": 128,
  "gitCommand": "log",
  "stdout": "",
  "stderr": "fatal: bad revision 'refs/heads/main'\n"
}
2024-11-29 23:06:13.250 [info] > git for-each-ref --sort -committerdate --format %(refname) %(objectname) %(*objectname) [3ms]
2024-11-29 23:06:13.869 [info] > git check-ignore -v -z --stdin [1ms]
2024-11-29 23:06:20.045 [info] > git log --format=%H%n%aN%n%aE%n%at%n%ct%n%P%n%D%n%B -z --shortstat --diff-merges=first-parent -n50 --skip=0 --topo-order --decorate=full --stdin [6ms]
2024-11-29 23:06:20.045 [info] fatal: bad revision 'refs/heads/main'
2024-11-29 23:06:20.046 [error] [GitHistoryProvider][provideHistoryItems] Failed to get history items with options '{"historyItemRefs":["refs/heads/main"],"limit":50,"skip":0}': Failed to execute git {
  "exitCode": 128,
  "gitCommand": "log",
  "stdout": "",
  "stderr": "fatal: bad revision 'refs/heads/main'\n"
}
2024-11-29 23:06:24.859 [info] > git clean -f -q -- /home/_3xay/Desktop/.directory [4ms]
2024-11-29 23:06:24.877 [info] > git checkout -q [2ms]
2024-11-29 23:06:24.877 [info] fatal: You are on a branch yet to be born
2024-11-29 23:06:24.894 [info] [Git][getRemotes] No remotes found in the git config file
2024-11-29 23:06:24.895 [info] > git config --get commit.template [7ms]
2024-11-29 23:06:24.896 [info] > git for-each-ref --format=%(refname)%00%(upstream:short)%00%(objectname)%00%(upstream:track)%00%(upstream:remotename)%00%(upstream:remoteref) refs/heads/main refs/remotes/main [2ms]
2024-11-29 23:06:24.896 [warning] [Git][getBranch] No such branch: main
2024-11-29 23:06:24.910 [info] > git status -z -uall [8ms]
2024-11-29 23:06:24.914 [info] > git for-each-ref --sort -committerdate --format %(refname) %(objectname) %(*objectname) [5ms]
2024-11-29 23:06:25.952 [info] [Git][getRemotes] No remotes found in the git config file
2024-11-29 23:06:25.953 [info] > git config --get commit.template [8ms]
2024-11-29 23:06:25.953 [info] > git for-each-ref --format=%(refname)%00%(upstream:short)%00%(objectname)%00%(upstream:track)%00%(upstream:remotename)%00%(upstream:remoteref) refs/heads/main refs/remotes/main [2ms]
2024-11-29 23:06:25.953 [warning] [Git][getBranch] No such branch: main
2024-11-29 23:06:25.965 [info] > git status -z -uall [8ms]
2024-11-29 23:06:25.967 [info] > git for-each-ref --sort -committerdate --format %(refname) %(objectname) %(*objectname) [3ms]
2024-11-29 23:06:33.952 [info] [Git][getRemotes] No remotes found in the git config file
2024-11-29 23:06:33.952 [info] > git config --get commit.template [7ms]
2024-11-29 23:06:33.954 [info] > git for-each-ref --format=%(refname)%00%(upstream:short)%00%(objectname)%00%(upstream:track)%00%(upstream:remotename)%00%(upstream:remoteref) refs/heads/main refs/remotes/main [2ms]
2024-11-29 23:06:33.954 [warning] [Git][getBranch] No such branch: main
2024-11-29 23:06:33.964 [info] > git status -z -uall [6ms]
2024-11-29 23:06:33.966 [info] > git for-each-ref --sort -committerdate --format %(refname) %(objectname) %(*objectname) [2ms]
