2024-11-29 23:17:42.770 [info] Started local extension host with pid 8204.
2024-11-29 23:17:43.365 [error] [WonkyStudio.hackatime]: property `icon` is mandatory and must be of type `string`
2024-11-29 23:17:43.366 [warning] [WonkyStudio.hackatime]: View container 'hackatime' does not exist and all views registered to it will be added to 'Explorer'.
2024-11-29 23:17:43.407 [info] Settings Sync: Updating due to initialize
2024-11-29 23:17:43.408 [info] Settings Sync: Updating authentication providers. Authentication Providers from store: [{"id":"github","scopes":["user:email"]},{"id":"microsoft","scopes":["openid","profile","email","offline_access"]}]
2024-11-29 23:17:43.408 [info] Settings Sync: Authentication providers updated ["github","microsoft"]
2024-11-29 23:17:44.164 [info] Settings Sync: Updating authentication providers. Authentication Providers from store: [{"id":"github","scopes":["user:email"]},{"id":"microsoft","scopes":["openid","profile","email","offline_access"]}]
2024-11-29 23:17:44.164 [info] Settings Sync: Authentication providers updated ["github","microsoft"]
2024-11-29 23:17:45.611 [info] [perf] Render performance baseline is 12ms
2024-11-29 23:19:41.157 [error] [network] #49: https://marketplace.visualstudio.com/_apis/public/gallery/extensionquery - error POST Canceled
2024-11-30 20:50:35.951 [warning] [File Watcher (node.js)] Watcher shutdown because watched path got deleted
2024-11-30 21:13:57.927 [warning] [lifecycle] onBeforeShutdown is taking a long time, pending operations: veto.untitledWorkspace
2024-11-30 21:14:00.572 [info] [lifecycle]: Shutdown was prevented (id: veto.untitledWorkspace)
2024-11-30 21:14:21.088 [info] Started local extension host with pid 41794.
2024-11-30 21:14:21.434 [error] [WonkyStudio.hackatime]: property `icon` is mandatory and must be of type `string`
2024-11-30 21:14:21.434 [warning] [WonkyStudio.hackatime]: View container 'hackatime' does not exist and all views registered to it will be added to 'Explorer'.
2024-11-30 21:14:21.434 [info] Settings Sync: Updating due to initialize
2024-11-30 21:14:21.434 [info] Settings Sync: Updating authentication providers. Authentication Providers from store: [{"id":"github","scopes":["user:email"]},{"id":"microsoft","scopes":["openid","profile","email","offline_access"]}]
2024-11-30 21:14:21.434 [info] Settings Sync: Authentication providers updated ["github","microsoft"]
2024-11-30 21:14:23.735 [info] [perf] Render performance baseline is 14ms
