2024-11-29 23:00:18.274 [info] [main] Log level: Info
2024-11-29 23:00:18.274 [info] [main] Validating found git in: "git"
2024-11-29 23:00:18.274 [info] [main] Using git "2.43.0" from "git"
2024-11-29 23:00:18.274 [info] [Model][doInitialScan] Initial repository scan started
2024-11-29 23:00:18.274 [info] [Model][doInitialScan] Initial repository scan completed - repositories (0), closed repositories (0), parent repositories (0), unsafe repositories (0)
2024-11-29 23:02:55.471 [info] [main] Log level: Info
2024-11-29 23:02:55.471 [info] [main] Validating found git in: "git"
2024-11-29 23:02:55.471 [info] [main] Using git "2.43.0" from "git"
2024-11-29 23:02:55.471 [info] [Model][doInitialScan] Initial repository scan started
2024-11-29 23:02:55.527 [info] > git rev-parse --show-toplevel [58ms]
2024-11-29 23:02:55.527 [info] fatal: not a git repository (or any of the parent directories): .git
2024-11-29 23:02:55.530 [info] [Model][doInitialScan] Initial repository scan completed - repositories (0), closed repositories (0), parent repositories (0), unsafe repositories (0)
2024-11-29 23:03:01.200 [info] > git rev-parse --show-toplevel [3ms]
2024-11-29 23:03:01.201 [info] fatal: not a git repository (or any of the parent directories): .git
2024-11-29 23:04:27.043 [info] > git rev-parse --show-toplevel [2ms]
2024-11-29 23:04:27.043 [info] fatal: not a git repository (or any of the parent directories): .git
2024-11-29 23:04:43.758 [info] > git rev-parse --show-toplevel [2ms]
2024-11-29 23:04:43.758 [info] fatal: not a git repository (or any of the parent directories): .git
2024-11-29 23:05:18.257 [info] > git rev-parse --show-toplevel [6ms]
2024-11-29 23:05:18.257 [info] fatal: not a git repository (or any of the parent directories): .git
2024-11-29 23:05:22.371 [info] > git rev-parse --show-toplevel [2ms]
2024-11-29 23:05:22.371 [info] fatal: not a git repository (or any of the parent directories): .git
2024-11-29 23:05:33.680 [info] > git rev-parse --show-toplevel [3ms]
2024-11-29 23:05:33.680 [info] fatal: not a git repository (or any of the parent directories): .git
2024-11-29 23:05:34.973 [info] > git rev-parse --show-toplevel [1ms]
2024-11-29 23:05:34.973 [info] fatal: not a git repository (or any of the parent directories): .git
2024-11-29 23:05:39.092 [info] > git rev-parse --show-toplevel [3ms]
2024-11-29 23:05:39.092 [info] fatal: not a git repository (or any of the parent directories): .git
2024-11-29 23:05:41.280 [info] > git rev-parse --show-toplevel [4ms]
2024-11-29 23:05:41.280 [info] fatal: not a git repository (or any of the parent directories): .git
