2024-11-29 23:17:42.574 [info] Added views:outline in workbench.view.explorer
2024-11-29 23:17:42.575 [info] Added views:workbench.view.search in workbench.view.search
2024-11-29 23:17:42.575 [info] Added views:workbench.scm in workbench.view.scm
2024-11-29 23:17:42.575 [info] Added views:workbench.panel.markers.view in workbench.panel.markers
2024-11-29 23:17:42.575 [info] Added views:workbench.panel.output in workbench.panel.output
2024-11-29 23:17:42.575 [info] Added views:terminal in terminal
2024-11-29 23:17:42.575 [info] Added views:timeline in workbench.view.explorer
2024-11-29 23:17:42.575 [info] Added views:workbench.explorer.fileView in workbench.view.explorer
2024-11-29 23:17:42.769 [info] Added views:workbench.debug.welcome in workbench.view.debug
2024-11-29 23:17:43.371 [info] Added views:hackatime-dashboard in workbench.view.explorer
2024-11-29 23:17:43.405 [info] Added views:~remote.forwardedPorts in ~remote.forwardedPortsContainer
2024-11-29 23:17:43.491 [info] Added views:workbench.panel.repl.view in workbench.panel.repl
2024-11-29 23:17:43.957 [info] Added views:workbench.scm.history in workbench.view.scm
2024-11-29 23:19:40.596 [info] Added views:workbench.views.extensions.installed,workbench.views.extensions.popular,extensions.recommendedList in workbench.view.extensions
2024-11-29 23:19:40.597 [info] Removed views:workbench.views.extensions.popular from workbench.view.extensions
2024-11-29 23:19:41.152 [info] Removed views:extensions.recommendedList,workbench.views.extensions.installed from workbench.view.extensions
2024-11-29 23:19:41.156 [info] Added views:workbench.views.extensions.marketplace in workbench.view.extensions
2024-11-30 21:14:20.412 [info] Removed views:workbench.scm.history from workbench.view.scm
2024-11-30 21:14:20.977 [info] Added views:outline in workbench.view.explorer
2024-11-30 21:14:20.977 [info] Added views:workbench.view.search in workbench.view.search
2024-11-30 21:14:20.977 [info] Added views:workbench.scm in workbench.view.scm
2024-11-30 21:14:20.977 [info] Added views:workbench.panel.markers.view in workbench.panel.markers
2024-11-30 21:14:20.977 [info] Added views:workbench.panel.output in workbench.panel.output
2024-11-30 21:14:20.977 [info] Added views:terminal in terminal
2024-11-30 21:14:20.977 [info] Added views:timeline in workbench.view.explorer
2024-11-30 21:14:20.977 [info] Added views:workbench.explorer.fileView in workbench.view.explorer
2024-11-30 21:14:21.145 [info] Added views:workbench.debug.variablesView,workbench.debug.watchExpressionsView,workbench.debug.callStackView,workbench.debug.breakPointsView in workbench.view.debug
2024-11-30 21:14:21.434 [info] Added views:hackatime-dashboard in workbench.view.explorer
2024-11-30 21:14:21.434 [info] Added views:~remote.forwardedPorts in ~remote.forwardedPortsContainer
2024-11-30 21:14:21.434 [info] Added views:workbench.panel.repl.view in workbench.panel.repl
2024-11-30 21:14:21.434 [info] Removed views:workbench.debug.breakPointsView,workbench.debug.callStackView,workbench.debug.watchExpressionsView,workbench.debug.variablesView from workbench.view.debug
2024-11-30 21:14:21.434 [info] Added views:workbench.debug.welcome in workbench.view.debug
