2024-11-29 23:06:49.812 [info] Started local extension host with pid 6624.
2024-11-29 23:06:50.195 [error] [WonkyStudio.hackatime]: property `icon` is mandatory and must be of type `string`
2024-11-29 23:06:50.196 [warning] [WonkyStudio.hackatime]: View container 'hackatime' does not exist and all views registered to it will be added to 'Explorer'.
2024-11-29 23:06:50.239 [info] Settings Sync: Updating due to initialize
2024-11-29 23:06:50.240 [info] Settings Sync: Updating authentication providers. Authentication Providers from store: [{"id":"github","scopes":["user:email"]},{"id":"microsoft","scopes":["openid","profile","email","offline_access"]}]
2024-11-29 23:06:50.240 [info] Settings Sync: Authentication providers updated ["github","microsoft"]
2024-11-29 23:06:52.421 [info] [perf] Render performance baseline is 14ms
2024-11-29 23:07:21.987 [info] Settings Sync: Updating authentication providers. Authentication Providers from store: [{"id":"github","scopes":["user:email"]},{"id":"microsoft","scopes":["openid","profile","email","offline_access"]}]
2024-11-29 23:07:21.988 [info] Settings Sync: Authentication providers updated ["github","microsoft"]
2024-11-29 23:08:32.864 [info] Settings Sync: Updating due to change in sessions
2024-11-29 23:08:32.864 [info] Settings Sync: Updating authentication providers. Authentication Providers from store: [{"id":"github","scopes":["user:email"]},{"id":"microsoft","scopes":["openid","profile","email","offline_access"]}]
2024-11-29 23:08:32.864 [info] Settings Sync: Authentication providers updated ["github","microsoft"]
2024-11-29 23:08:32.866 [info] Settings Sync: Updating due to change in sessions
2024-11-29 23:08:32.866 [info] Settings Sync: Updating authentication providers. Authentication Providers from store: [{"id":"github","scopes":["user:email"]},{"id":"microsoft","scopes":["openid","profile","email","offline_access"]}]
2024-11-29 23:08:32.866 [info] Settings Sync: Authentication providers updated ["github","microsoft"]
2024-11-29 23:09:02.556 [error] [Extension Host] (node:6624) [DEP0005] DeprecationWarning: Buffer() is deprecated due to security and usability issues. Please use the Buffer.alloc(), Buffer.allocUnsafe(), or Buffer.from() methods instead.
(Use `exe --trace-deprecation ...` to show where the warning was created)
2024-11-29 23:09:06.183 [info] Started local extension host with pid 7609.
2024-11-29 23:09:06.701 [info] Settings Sync: Updating authentication providers. Authentication Providers from store: [{"id":"github","scopes":["user:email"]},{"id":"microsoft","scopes":["openid","profile","email","offline_access"]}]
2024-11-29 23:09:06.702 [info] Settings Sync: Authentication providers updated ["github","microsoft"]
