2024-11-29 23:00:17.208 [info] Added views:outline in workbench.view.explorer
2024-11-29 23:00:17.208 [info] Added views:workbench.view.search in workbench.view.search
2024-11-29 23:00:17.208 [info] Added views:workbench.scm in workbench.view.scm
2024-11-29 23:00:17.208 [info] Added views:workbench.panel.markers.view in workbench.panel.markers
2024-11-29 23:00:17.208 [info] Added views:workbench.panel.output in workbench.panel.output
2024-11-29 23:00:17.208 [info] Added views:terminal in terminal
2024-11-29 23:00:17.208 [info] Added views:timeline in workbench.view.explorer
2024-11-29 23:00:17.208 [info] Added views:workbench.explorer.emptyView in workbench.view.explorer
2024-11-29 23:00:17.264 [info] Added views:workbench.debug.variablesView,workbench.debug.watchExpressionsView,workbench.debug.callStackView,workbench.debug.breakPointsView in workbench.view.debug
2024-11-29 23:00:17.961 [info] Added views:~remote.forwardedPorts in ~remote.forwardedPortsContainer
2024-11-29 23:00:18.087 [info] Added views:workbench.panel.repl.view in workbench.panel.repl
2024-11-29 23:00:18.089 [info] Removed views:workbench.debug.breakPointsView,workbench.debug.callStackView,workbench.debug.watchExpressionsView,workbench.debug.variablesView from workbench.view.debug
2024-11-29 23:00:18.090 [info] Added views:workbench.debug.welcome in workbench.view.debug
2024-11-29 23:00:26.495 [info] Added views:workbench.views.extensions.installed,workbench.views.extensions.popular,extensions.recommendedList in workbench.view.extensions
2024-11-29 23:00:26.495 [info] Removed views:workbench.views.extensions.popular from workbench.view.extensions
2024-11-29 23:00:26.724 [info] Added views:workbench.views.extensions.popular in workbench.view.extensions
2024-11-29 23:00:30.045 [info] Removed views:extensions.recommendedList,workbench.views.extensions.popular,workbench.views.extensions.installed from workbench.view.extensions
2024-11-29 23:00:30.045 [info] Added views:workbench.views.extensions.marketplace in workbench.view.extensions
2024-11-29 23:02:51.323 [info] Added views:outline in workbench.view.explorer
2024-11-29 23:02:51.324 [info] Added views:workbench.view.search in workbench.view.search
2024-11-29 23:02:51.324 [info] Added views:workbench.scm in workbench.view.scm
2024-11-29 23:02:51.324 [info] Added views:workbench.panel.markers.view in workbench.panel.markers
2024-11-29 23:02:51.324 [info] Added views:workbench.panel.output in workbench.panel.output
2024-11-29 23:02:51.324 [info] Added views:terminal in terminal
2024-11-29 23:02:51.324 [info] Added views:timeline in workbench.view.explorer
2024-11-29 23:02:51.326 [info] Added views:workbench.explorer.fileView in workbench.view.explorer
2024-11-29 23:02:51.678 [info] Added views:workbench.debug.variablesView,workbench.debug.watchExpressionsView,workbench.debug.callStackView,workbench.debug.breakPointsView in workbench.view.debug
2024-11-29 23:02:51.810 [info] Added views:~remote.forwardedPorts in ~remote.forwardedPortsContainer
2024-11-29 23:02:51.877 [info] Added views:workbench.panel.repl.view in workbench.panel.repl
2024-11-29 23:02:51.878 [info] Removed views:workbench.debug.breakPointsView,workbench.debug.callStackView,workbench.debug.watchExpressionsView,workbench.debug.variablesView from workbench.view.debug
2024-11-29 23:02:51.880 [info] Added views:workbench.debug.welcome in workbench.view.debug
2024-11-29 23:03:51.272 [info] Added views:workbench.views.extensions.installed,workbench.views.extensions.popular,extensions.recommendedList in workbench.view.extensions
2024-11-29 23:03:51.273 [info] Removed views:workbench.views.extensions.popular from workbench.view.extensions
2024-11-29 23:03:54.595 [info] Removed views:extensions.recommendedList,workbench.views.extensions.installed from workbench.view.extensions
2024-11-29 23:03:54.599 [info] Added views:workbench.views.extensions.marketplace in workbench.view.extensions
2024-11-29 23:04:02.827 [info] Added views:hackatime-dashboard in workbench.view.explorer
2024-11-29 23:04:09.577 [info] Removed views:workbench.views.extensions.marketplace from workbench.view.extensions
2024-11-29 23:04:09.582 [info] Added views:workbench.views.extensions.installed,extensions.recommendedList in workbench.view.extensions
2024-11-29 23:04:38.741 [info] Removed views:extensions.recommendedList,workbench.views.extensions.installed from workbench.view.extensions
2024-11-29 23:04:38.747 [info] Added views:workbench.views.extensions.marketplace in workbench.view.extensions
