2024-11-29 23:00:17.578 [info] Started initializing default profile extensions in extensions installation folder. file:///home/_3xay/.vscode/extensions
2024-11-29 23:00:17.815 [info] Completed initializing default profile extensions in extensions installation folder. file:///home/_3xay/.vscode/extensions
2024-11-29 23:00:33.190 [info] Getting Manifest... wakatime.vscode-wakatime
2024-11-29 23:00:33.754 [info] Installing extension: wakatime.vscode-wakatime {"isMachineScoped":false,"installPreReleaseVersion":false,"pinned":false,"profileLocation":{"$mid":1,"external":"vscode-userdata:/home/_3xay/.vscode/extensions/extensions.json","path":"/home/_3xay/.vscode/extensions/extensions.json","scheme":"vscode-userdata"},"installOnlyNewlyAddedFromExtensionPack":true,"isApplicationScoped":false,"productVersion":{"version":"1.95.3","date":"2024-11-13T14:50:04.152Z"}}
2024-11-29 23:01:01.882 [info] Extension signature verification result for wakatime.vscode-wakatime: Success. Executed: true. Duration: 27693ms.
2024-11-29 23:01:01.996 [info] Extracted extension to file:///home/_3xay/.vscode/extensions/wakatime.vscode-wakatime-24.9.1: wakatime.vscode-wakatime
2024-11-29 23:01:02.005 [info] Renamed to /home/_3xay/.vscode/extensions/wakatime.vscode-wakatime-24.9.1
2024-11-29 23:01:02.031 [info] Extension installed successfully: wakatime.vscode-wakatime vscode-userdata:/home/_3xay/.vscode/extensions/extensions.json
2024-11-29 23:01:02.109 [error] [uncaught exception in sharedProcess]: Error: ENOENT: no such file or directory, stat '/home/_3xay/.vscode/extensions/extensions.json.vsctmp': EntryNotFound (FileSystemError): Error: ENOENT: no such file or directory, stat '/home/_3xay/.vscode/extensions/extensions.json.vsctmp'
    at hm.create (file:///snap/code/176/usr/share/code/resources/app/out/vs/code/electron-utility/sharedProcess/sharedProcessMain.js:35:39254)
    at Es (file:///snap/code/176/usr/share/code/resources/app/out/vs/code/electron-utility/sharedProcess/sharedProcessMain.js:35:39361)
    at Fr.ib (file:///snap/code/176/usr/share/code/resources/app/out/vs/code/electron-utility/sharedProcess/sharedProcessMain.js:71:22677)
    at Fr.stat (file:///snap/code/176/usr/share/code/resources/app/out/vs/code/electron-utility/sharedProcess/sharedProcessMain.js:71:16010)
    at async Zl.stat (file:///snap/code/176/usr/share/code/resources/app/out/vs/code/electron-utility/sharedProcess/sharedProcessMain.js:70:84491)
    at async Jl.yb (file:///snap/code/176/usr/share/code/resources/app/out/vs/code/electron-utility/sharedProcess/sharedProcessMain.js:70:66605)
2024-11-29 23:03:56.763 [info] Getting Manifest... wonkystudio.hackatime
2024-11-29 23:03:57.145 [info] Installing extension: wonkystudio.hackatime {"isMachineScoped":false,"installPreReleaseVersion":false,"pinned":false,"profileLocation":{"$mid":1,"external":"vscode-userdata:/home/_3xay/.vscode/extensions/extensions.json","path":"/home/_3xay/.vscode/extensions/extensions.json","scheme":"vscode-userdata"},"installOnlyNewlyAddedFromExtensionPack":true,"isApplicationScoped":false,"productVersion":{"version":"1.95.3","date":"2024-11-13T14:50:04.152Z"}}
2024-11-29 23:03:58.995 [info] Extension signature verification result for wonkystudio.hackatime: Success. Executed: true. Duration: 1038ms.
2024-11-29 23:04:02.758 [info] Extracted extension to file:///home/_3xay/.vscode/extensions/wonkystudio.hackatime-1.0.0: wonkystudio.hackatime
2024-11-29 23:04:02.774 [info] Renamed to /home/_3xay/.vscode/extensions/wonkystudio.hackatime-1.0.0
2024-11-29 23:04:02.807 [info] Extension installed successfully: wonkystudio.hackatime vscode-userdata:/home/_3xay/.vscode/extensions/extensions.json
2024-11-29 23:04:02.876 [error] [uncaught exception in sharedProcess]: Error: ENOENT: no such file or directory, stat '/home/_3xay/.vscode/extensions/extensions.json.vsctmp': EntryNotFound (FileSystemError): Error: ENOENT: no such file or directory, stat '/home/_3xay/.vscode/extensions/extensions.json.vsctmp'
    at hm.create (file:///snap/code/176/usr/share/code/resources/app/out/vs/code/electron-utility/sharedProcess/sharedProcessMain.js:35:39254)
    at Es (file:///snap/code/176/usr/share/code/resources/app/out/vs/code/electron-utility/sharedProcess/sharedProcessMain.js:35:39361)
    at Fr.ib (file:///snap/code/176/usr/share/code/resources/app/out/vs/code/electron-utility/sharedProcess/sharedProcessMain.js:71:22677)
    at Fr.stat (file:///snap/code/176/usr/share/code/resources/app/out/vs/code/electron-utility/sharedProcess/sharedProcessMain.js:71:16010)
    at async Zl.stat (file:///snap/code/176/usr/share/code/resources/app/out/vs/code/electron-utility/sharedProcess/sharedProcessMain.js:70:84491)
    at async Jl.yb (file:///snap/code/176/usr/share/code/resources/app/out/vs/code/electron-utility/sharedProcess/sharedProcessMain.js:70:66605)
2024-11-29 23:04:06.738 [info] Uninstalling extension from the profile: wakatime.vscode-wakatime@24.9.1 vscode-userdata:/home/_3xay/.vscode/extensions/extensions.json
2024-11-29 23:04:06.775 [info] Marked extension as uninstalled wakatime.vscode-wakatime-24.9.1
2024-11-29 23:04:06.829 [error] [uncaught exception in sharedProcess]: Error: ENOENT: no such file or directory, stat '/home/_3xay/.vscode/extensions/extensions.json.vsctmp': EntryNotFound (FileSystemError): Error: ENOENT: no such file or directory, stat '/home/_3xay/.vscode/extensions/extensions.json.vsctmp'
    at hm.create (file:///snap/code/176/usr/share/code/resources/app/out/vs/code/electron-utility/sharedProcess/sharedProcessMain.js:35:39254)
    at Es (file:///snap/code/176/usr/share/code/resources/app/out/vs/code/electron-utility/sharedProcess/sharedProcessMain.js:35:39361)
    at Fr.ib (file:///snap/code/176/usr/share/code/resources/app/out/vs/code/electron-utility/sharedProcess/sharedProcessMain.js:71:22677)
    at Fr.stat (file:///snap/code/176/usr/share/code/resources/app/out/vs/code/electron-utility/sharedProcess/sharedProcessMain.js:71:16010)
    at async Zl.stat (file:///snap/code/176/usr/share/code/resources/app/out/vs/code/electron-utility/sharedProcess/sharedProcessMain.js:70:84491)
    at async Jl.yb (file:///snap/code/176/usr/share/code/resources/app/out/vs/code/electron-utility/sharedProcess/sharedProcessMain.js:70:66605)
2024-11-29 23:04:07.271 [info] Successfully uninstalled extension from the profile wakatime.vscode-wakatime@24.9.1 vscode-userdata:/home/_3xay/.vscode/extensions/extensions.json
2024-11-29 23:04:41.005 [info] Getting Manifest... wakatime.vscode-wakatime
2024-11-29 23:04:41.032 [info] Installing extension: wakatime.vscode-wakatime {"isMachineScoped":false,"installPreReleaseVersion":false,"pinned":false,"profileLocation":{"$mid":1,"external":"vscode-userdata:/home/_3xay/.vscode/extensions/extensions.json","path":"/home/_3xay/.vscode/extensions/extensions.json","scheme":"vscode-userdata"},"installOnlyNewlyAddedFromExtensionPack":true,"isApplicationScoped":false,"productVersion":{"version":"1.95.3","date":"2024-11-13T14:50:04.152Z"}}
2024-11-29 23:04:41.096 [info] Removed the extension from uninstalled list: wakatime.vscode-wakatime
2024-11-29 23:04:41.278 [info] Extension installed successfully: wakatime.vscode-wakatime vscode-userdata:/home/_3xay/.vscode/extensions/extensions.json
