2024-11-29 23:06:50.208 [info] Extension host with pid 6624 started
2024-11-29 23:06:50.208 [info] Skipping acquiring lock for /home/_3xay/.config/Code/User/workspaceStorage/8874f6fd0148b1edc309b2f7ff829fd8.
2024-11-29 23:06:50.344 [info] ExtensionService#_doActivateExtension vscode.git-base, startup: true, activationEvent: '*', root cause: vscode.git
2024-11-29 23:06:50.349 [info] ExtensionService#_doActivateExtension WakaTime.vscode-wakatime, startup: true, activationEvent: '*'
2024-11-29 23:06:50.385 [info] ExtensionService#_doActivateExtension vscode.git, startup: true, activationEvent: '*'
2024-11-29 23:06:50.428 [info] ExtensionService#_doActivateExtension vscode.github, startup: true, activationEvent: '*'
2024-11-29 23:06:50.508 [info] Eager extensions activated
2024-11-29 23:06:50.529 [info] ExtensionService#_doActivateExtension vscode.debug-auto-launch, startup: false, activationEvent: 'onStartupFinished'
2024-11-29 23:06:50.532 [info] ExtensionService#_doActivateExtension vscode.merge-conflict, startup: false, activationEvent: 'onStartupFinished'
2024-11-29 23:06:50.618 [info] ExtensionService#_doActivateExtension vscode.emmet, startup: false, activationEvent: 'onLanguage'
2024-11-29 23:06:57.543 [info] ExtensionService#_doActivateExtension vscode.github-authentication, startup: false, activationEvent: 'onAuthenticationRequest:github'
2024-11-29 23:09:05.933 [info] Extension host terminating: renderer closed the MessagePort
2024-11-29 23:09:05.950 [error] Canceled: Canceled
	at new tT (file:///snap/code/176/usr/share/code/resources/app/out/vs/workbench/api/node/extensionHostProcess.js:31:108738)
	at py.U (file:///snap/code/176/usr/share/code/resources/app/out/vs/workbench/api/node/extensionHostProcess.js:31:113348)
	at s.<computed>.n.charCodeAt.s.<computed> (file:///snap/code/176/usr/share/code/resources/app/out/vs/workbench/api/node/extensionHostProcess.js:31:110842)
	at Y0.g (file:///snap/code/176/usr/share/code/resources/app/out/vs/workbench/api/node/extensionHostProcess.js:114:32313)
	at Y0.executeCommand (file:///snap/code/176/usr/share/code/resources/app/out/vs/workbench/api/node/extensionHostProcess.js:114:31817)
	at r.registerCommand.description (file:///snap/code/176/usr/share/code/resources/app/out/vs/workbench/api/node/extensionHostProcess.js:114:31147)
	at Y0.h (file:///snap/code/176/usr/share/code/resources/app/out/vs/workbench/api/node/extensionHostProcess.js:114:32833)
	at Y0.g (file:///snap/code/176/usr/share/code/resources/app/out/vs/workbench/api/node/extensionHostProcess.js:114:31910)
	at Y0.executeCommand (file:///snap/code/176/usr/share/code/resources/app/out/vs/workbench/api/node/extensionHostProcess.js:114:31817)
	at Object.executeCommand (file:///snap/code/176/usr/share/code/resources/app/out/vs/workbench/api/node/extensionHostProcess.js:156:37246)
	at mh.O [as value] (/snap/code/176/usr/share/code/resources/app/extensions/git/dist/main.js:2:961845)
	at D.B (file:///snap/code/176/usr/share/code/resources/app/out/vs/workbench/api/node/extensionHostProcess.js:29:746)
	at D.C (file:///snap/code/176/usr/share/code/resources/app/out/vs/workbench/api/node/extensionHostProcess.js:29:816)
	at D.fire (file:///snap/code/176/usr/share/code/resources/app/out/vs/workbench/api/node/extensionHostProcess.js:29:1033)
	at Object.p [as dispose] (/snap/code/176/usr/share/code/resources/app/extensions/git/dist/main.js:2:983333)
	at /snap/code/176/usr/share/code/resources/app/extensions/git/dist/main.js:2:989455
	at Array.forEach (<anonymous>)
	at b.dispose (/snap/code/176/usr/share/code/resources/app/extensions/git/dist/main.js:2:989441)
	at V1.<anonymous> (file:///snap/code/176/usr/share/code/resources/app/out/vs/workbench/api/node/extensionHostProcess.js:108:19994)
	at V1.dispose (file:///snap/code/176/usr/share/code/resources/app/out/vs/workbench/api/node/extensionHostProcess.js:108:20090)
	at V1.<anonymous> (/snap/code/176/usr/share/code/resources/app/extensions/git/dist/main.js:2:964255)
	at V1.dispose (file:///snap/code/176/usr/share/code/resources/app/out/vs/workbench/api/node/extensionHostProcess.js:108:20090)
	at ci (file:///snap/code/176/usr/share/code/resources/app/out/vs/workbench/api/node/extensionHostProcess.js:24:699)
	at file:///snap/code/176/usr/share/code/resources/app/out/vs/workbench/api/node/extensionHostProcess.js:118:14992
	at file:///snap/code/176/usr/share/code/resources/app/out/vs/workbench/api/node/extensionHostProcess.js:24:1009
	at Object.dispose (file:///snap/code/176/usr/share/code/resources/app/out/vs/workbench/api/node/extensionHostProcess.js:7:2146)
	at z_.eb (file:///snap/code/176/usr/share/code/resources/app/out/vs/workbench/api/node/extensionHostProcess.js:118:11919)
	at file:///snap/code/176/usr/share/code/resources/app/out/vs/workbench/api/node/extensionHostProcess.js:118:9874
	at Array.map (<anonymous>)
	at z_.$ (file:///snap/code/176/usr/share/code/resources/app/out/vs/workbench/api/node/extensionHostProcess.js:118:9862)
	at z_.terminate (file:///snap/code/176/usr/share/code/resources/app/out/vs/workbench/api/node/extensionHostProcess.js:118:10105)
	at EC.terminate (file:///snap/code/176/usr/share/code/resources/app/out/vs/workbench/api/node/extensionHostProcess.js:119:1424)
	at Zi (file:///snap/code/176/usr/share/code/resources/app/out/vs/workbench/api/node/extensionHostProcess.js:174:15084)
	at MessagePortMain.<anonymous> (file:///snap/code/176/usr/share/code/resources/app/out/vs/workbench/api/node/extensionHostProcess.js:174:11632)
	at MessagePortMain.emit (node:events:519:28)
	at MessagePortMain._internalPort.emit (node:electron/js2c/utility_init:2:2949) setContext undefined
2024-11-29 23:09:05.950 [error] Canceled: Canceled
	at new tT (file:///snap/code/176/usr/share/code/resources/app/out/vs/workbench/api/node/extensionHostProcess.js:31:108738)
	at py.U (file:///snap/code/176/usr/share/code/resources/app/out/vs/workbench/api/node/extensionHostProcess.js:31:113348)
	at s.<computed>.n.charCodeAt.s.<computed> (file:///snap/code/176/usr/share/code/resources/app/out/vs/workbench/api/node/extensionHostProcess.js:31:110842)
	at Y0.g (file:///snap/code/176/usr/share/code/resources/app/out/vs/workbench/api/node/extensionHostProcess.js:114:32313)
	at Y0.executeCommand (file:///snap/code/176/usr/share/code/resources/app/out/vs/workbench/api/node/extensionHostProcess.js:114:31817)
	at r.registerCommand.description (file:///snap/code/176/usr/share/code/resources/app/out/vs/workbench/api/node/extensionHostProcess.js:114:31147)
	at Y0.h (file:///snap/code/176/usr/share/code/resources/app/out/vs/workbench/api/node/extensionHostProcess.js:114:32833)
	at Y0.g (file:///snap/code/176/usr/share/code/resources/app/out/vs/workbench/api/node/extensionHostProcess.js:114:31910)
	at Y0.executeCommand (file:///snap/code/176/usr/share/code/resources/app/out/vs/workbench/api/node/extensionHostProcess.js:114:31817)
	at Object.executeCommand (file:///snap/code/176/usr/share/code/resources/app/out/vs/workbench/api/node/extensionHostProcess.js:156:37246)
	at set hasGitHubRepositories (/snap/code/176/usr/share/code/resources/app/extensions/github/dist/extension.js:2:328633)
	at /snap/code/176/usr/share/code/resources/app/extensions/github/dist/extension.js:2:329592
	at mh.value (/snap/code/176/usr/share/code/resources/app/extensions/git/dist/main.js:2:1073936)
	at D.B (file:///snap/code/176/usr/share/code/resources/app/out/vs/workbench/api/node/extensionHostProcess.js:29:746)
	at D.C (file:///snap/code/176/usr/share/code/resources/app/out/vs/workbench/api/node/extensionHostProcess.js:29:816)
	at D.fire (file:///snap/code/176/usr/share/code/resources/app/out/vs/workbench/api/node/extensionHostProcess.js:29:1033)
	at Object.p [as dispose] (/snap/code/176/usr/share/code/resources/app/extensions/git/dist/main.js:2:983333)
	at /snap/code/176/usr/share/code/resources/app/extensions/git/dist/main.js:2:989455
	at Array.forEach (<anonymous>)
	at b.dispose (/snap/code/176/usr/share/code/resources/app/extensions/git/dist/main.js:2:989441)
	at V1.<anonymous> (file:///snap/code/176/usr/share/code/resources/app/out/vs/workbench/api/node/extensionHostProcess.js:108:19994)
	at V1.dispose (file:///snap/code/176/usr/share/code/resources/app/out/vs/workbench/api/node/extensionHostProcess.js:108:20090)
	at V1.<anonymous> (/snap/code/176/usr/share/code/resources/app/extensions/git/dist/main.js:2:964255)
	at V1.dispose (file:///snap/code/176/usr/share/code/resources/app/out/vs/workbench/api/node/extensionHostProcess.js:108:20090)
	at ci (file:///snap/code/176/usr/share/code/resources/app/out/vs/workbench/api/node/extensionHostProcess.js:24:699)
	at file:///snap/code/176/usr/share/code/resources/app/out/vs/workbench/api/node/extensionHostProcess.js:118:14992
	at file:///snap/code/176/usr/share/code/resources/app/out/vs/workbench/api/node/extensionHostProcess.js:24:1009
	at Object.dispose (file:///snap/code/176/usr/share/code/resources/app/out/vs/workbench/api/node/extensionHostProcess.js:7:2146)
	at z_.eb (file:///snap/code/176/usr/share/code/resources/app/out/vs/workbench/api/node/extensionHostProcess.js:118:11919)
	at file:///snap/code/176/usr/share/code/resources/app/out/vs/workbench/api/node/extensionHostProcess.js:118:9874
	at Array.map (<anonymous>)
	at z_.$ (file:///snap/code/176/usr/share/code/resources/app/out/vs/workbench/api/node/extensionHostProcess.js:118:9862)
	at z_.terminate (file:///snap/code/176/usr/share/code/resources/app/out/vs/workbench/api/node/extensionHostProcess.js:118:10105)
	at EC.terminate (file:///snap/code/176/usr/share/code/resources/app/out/vs/workbench/api/node/extensionHostProcess.js:119:1424)
	at Zi (file:///snap/code/176/usr/share/code/resources/app/out/vs/workbench/api/node/extensionHostProcess.js:174:15084)
	at MessagePortMain.<anonymous> (file:///snap/code/176/usr/share/code/resources/app/out/vs/workbench/api/node/extensionHostProcess.js:174:11632)
	at MessagePortMain.emit (node:events:519:28)
	at MessagePortMain._internalPort.emit (node:electron/js2c/utility_init:2:2949) setContext undefined
2024-11-29 23:09:05.960 [info] Extension host with pid 6624 exiting with code 0
2024-11-29 23:09:06.532 [info] Extension host with pid 7609 started
2024-11-29 23:09:06.532 [info] Skipping acquiring lock for /home/_3xay/.config/Code/User/workspaceStorage/8392c5525bf8fb9ba669a56e128750c9.
2024-11-29 23:09:06.555 [info] ExtensionService#_doActivateExtension vscode.emmet, startup: false, activationEvent: 'onLanguage'
2024-11-29 23:09:06.571 [info] ExtensionService#_doActivateExtension vscode.git-base, startup: false, activationEvent: 'onCommand:git.clone', root cause: vscode.git
2024-11-29 23:09:06.573 [info] ExtensionService#_doActivateExtension vscode.github-authentication, startup: false, activationEvent: 'onAuthenticationRequest:github'
2024-11-29 23:09:06.592 [info] ExtensionService#_doActivateExtension vscode.configuration-editing, startup: false, activationEvent: 'onLanguage:json'
2024-11-29 23:09:06.602 [info] ExtensionService#_doActivateExtension vscode.extension-editing, startup: false, activationEvent: 'onLanguage:json'
2024-11-29 23:09:06.614 [info] ExtensionService#_doActivateExtension vscode.json-language-features, startup: false, activationEvent: 'onLanguage:json'
2024-11-29 23:09:06.662 [info] ExtensionService#_doActivateExtension vscode.npm, startup: false, activationEvent: 'onLanguage:json'
2024-11-29 23:09:06.719 [info] ExtensionService#_doActivateExtension vscode.git, startup: false, activationEvent: 'onCommand:git.clone'
2024-11-29 23:09:07.118 [info] ExtensionService#_doActivateExtension vscode.github, startup: true, activationEvent: '*'
2024-11-29 23:09:07.137 [info] ExtensionService#_doActivateExtension WakaTime.vscode-wakatime, startup: true, activationEvent: '*'
2024-11-29 23:09:07.214 [info] Eager extensions activated
2024-11-29 23:09:07.233 [info] ExtensionService#_doActivateExtension vscode.debug-auto-launch, startup: false, activationEvent: 'onStartupFinished'
2024-11-29 23:09:07.235 [info] ExtensionService#_doActivateExtension vscode.merge-conflict, startup: false, activationEvent: 'onStartupFinished'
2024-11-29 23:17:25.376 [info] Extension host terminating: renderer closed the MessagePort
2024-11-29 23:17:25.399 [error] Canceled: Canceled
	at new tT (file:///snap/code/176/usr/share/code/resources/app/out/vs/workbench/api/node/extensionHostProcess.js:31:108738)
	at py.U (file:///snap/code/176/usr/share/code/resources/app/out/vs/workbench/api/node/extensionHostProcess.js:31:113348)
	at s.<computed>.n.charCodeAt.s.<computed> (file:///snap/code/176/usr/share/code/resources/app/out/vs/workbench/api/node/extensionHostProcess.js:31:110842)
	at Y0.g (file:///snap/code/176/usr/share/code/resources/app/out/vs/workbench/api/node/extensionHostProcess.js:114:32313)
	at Y0.executeCommand (file:///snap/code/176/usr/share/code/resources/app/out/vs/workbench/api/node/extensionHostProcess.js:114:31817)
	at r.registerCommand.description (file:///snap/code/176/usr/share/code/resources/app/out/vs/workbench/api/node/extensionHostProcess.js:114:31147)
	at Y0.h (file:///snap/code/176/usr/share/code/resources/app/out/vs/workbench/api/node/extensionHostProcess.js:114:32833)
	at Y0.g (file:///snap/code/176/usr/share/code/resources/app/out/vs/workbench/api/node/extensionHostProcess.js:114:31910)
	at Y0.executeCommand (file:///snap/code/176/usr/share/code/resources/app/out/vs/workbench/api/node/extensionHostProcess.js:114:31817)
	at Object.executeCommand (file:///snap/code/176/usr/share/code/resources/app/out/vs/workbench/api/node/extensionHostProcess.js:156:37246)
	at mh.O [as value] (/snap/code/176/usr/share/code/resources/app/extensions/git/dist/main.js:2:961845)
	at D.B (file:///snap/code/176/usr/share/code/resources/app/out/vs/workbench/api/node/extensionHostProcess.js:29:746)
	at D.C (file:///snap/code/176/usr/share/code/resources/app/out/vs/workbench/api/node/extensionHostProcess.js:29:816)
	at D.fire (file:///snap/code/176/usr/share/code/resources/app/out/vs/workbench/api/node/extensionHostProcess.js:29:1033)
	at Object.p [as dispose] (/snap/code/176/usr/share/code/resources/app/extensions/git/dist/main.js:2:983333)
	at /snap/code/176/usr/share/code/resources/app/extensions/git/dist/main.js:2:989455
	at Array.forEach (<anonymous>)
	at b.dispose (/snap/code/176/usr/share/code/resources/app/extensions/git/dist/main.js:2:989441)
	at V1.<anonymous> (file:///snap/code/176/usr/share/code/resources/app/out/vs/workbench/api/node/extensionHostProcess.js:108:19994)
	at V1.dispose (file:///snap/code/176/usr/share/code/resources/app/out/vs/workbench/api/node/extensionHostProcess.js:108:20090)
	at V1.<anonymous> (/snap/code/176/usr/share/code/resources/app/extensions/git/dist/main.js:2:964255)
	at V1.dispose (file:///snap/code/176/usr/share/code/resources/app/out/vs/workbench/api/node/extensionHostProcess.js:108:20090)
	at ci (file:///snap/code/176/usr/share/code/resources/app/out/vs/workbench/api/node/extensionHostProcess.js:24:699)
	at file:///snap/code/176/usr/share/code/resources/app/out/vs/workbench/api/node/extensionHostProcess.js:118:14992
	at file:///snap/code/176/usr/share/code/resources/app/out/vs/workbench/api/node/extensionHostProcess.js:24:1009
	at Object.dispose (file:///snap/code/176/usr/share/code/resources/app/out/vs/workbench/api/node/extensionHostProcess.js:7:2146)
	at z_.eb (file:///snap/code/176/usr/share/code/resources/app/out/vs/workbench/api/node/extensionHostProcess.js:118:11919)
	at file:///snap/code/176/usr/share/code/resources/app/out/vs/workbench/api/node/extensionHostProcess.js:118:9874
	at Array.map (<anonymous>)
	at z_.$ (file:///snap/code/176/usr/share/code/resources/app/out/vs/workbench/api/node/extensionHostProcess.js:118:9862)
	at z_.terminate (file:///snap/code/176/usr/share/code/resources/app/out/vs/workbench/api/node/extensionHostProcess.js:118:10105)
	at EC.terminate (file:///snap/code/176/usr/share/code/resources/app/out/vs/workbench/api/node/extensionHostProcess.js:119:1424)
	at Zi (file:///snap/code/176/usr/share/code/resources/app/out/vs/workbench/api/node/extensionHostProcess.js:174:15084)
	at MessagePortMain.<anonymous> (file:///snap/code/176/usr/share/code/resources/app/out/vs/workbench/api/node/extensionHostProcess.js:174:11632)
	at MessagePortMain.emit (node:events:519:28)
	at MessagePortMain._internalPort.emit (node:electron/js2c/utility_init:2:2949) setContext undefined
2024-11-29 23:17:25.399 [error] Canceled: Canceled
	at new tT (file:///snap/code/176/usr/share/code/resources/app/out/vs/workbench/api/node/extensionHostProcess.js:31:108738)
	at py.U (file:///snap/code/176/usr/share/code/resources/app/out/vs/workbench/api/node/extensionHostProcess.js:31:113348)
	at s.<computed>.n.charCodeAt.s.<computed> (file:///snap/code/176/usr/share/code/resources/app/out/vs/workbench/api/node/extensionHostProcess.js:31:110842)
	at Y0.g (file:///snap/code/176/usr/share/code/resources/app/out/vs/workbench/api/node/extensionHostProcess.js:114:32313)
	at Y0.executeCommand (file:///snap/code/176/usr/share/code/resources/app/out/vs/workbench/api/node/extensionHostProcess.js:114:31817)
	at r.registerCommand.description (file:///snap/code/176/usr/share/code/resources/app/out/vs/workbench/api/node/extensionHostProcess.js:114:31147)
	at Y0.h (file:///snap/code/176/usr/share/code/resources/app/out/vs/workbench/api/node/extensionHostProcess.js:114:32833)
	at Y0.g (file:///snap/code/176/usr/share/code/resources/app/out/vs/workbench/api/node/extensionHostProcess.js:114:31910)
	at Y0.executeCommand (file:///snap/code/176/usr/share/code/resources/app/out/vs/workbench/api/node/extensionHostProcess.js:114:31817)
	at Object.executeCommand (file:///snap/code/176/usr/share/code/resources/app/out/vs/workbench/api/node/extensionHostProcess.js:156:37246)
	at set hasGitHubRepositories (/snap/code/176/usr/share/code/resources/app/extensions/github/dist/extension.js:2:328633)
	at /snap/code/176/usr/share/code/resources/app/extensions/github/dist/extension.js:2:329592
	at mh.value (/snap/code/176/usr/share/code/resources/app/extensions/git/dist/main.js:2:1073936)
	at D.B (file:///snap/code/176/usr/share/code/resources/app/out/vs/workbench/api/node/extensionHostProcess.js:29:746)
	at D.C (file:///snap/code/176/usr/share/code/resources/app/out/vs/workbench/api/node/extensionHostProcess.js:29:816)
	at D.fire (file:///snap/code/176/usr/share/code/resources/app/out/vs/workbench/api/node/extensionHostProcess.js:29:1033)
	at Object.p [as dispose] (/snap/code/176/usr/share/code/resources/app/extensions/git/dist/main.js:2:983333)
	at /snap/code/176/usr/share/code/resources/app/extensions/git/dist/main.js:2:989455
	at Array.forEach (<anonymous>)
	at b.dispose (/snap/code/176/usr/share/code/resources/app/extensions/git/dist/main.js:2:989441)
	at V1.<anonymous> (file:///snap/code/176/usr/share/code/resources/app/out/vs/workbench/api/node/extensionHostProcess.js:108:19994)
	at V1.dispose (file:///snap/code/176/usr/share/code/resources/app/out/vs/workbench/api/node/extensionHostProcess.js:108:20090)
	at V1.<anonymous> (/snap/code/176/usr/share/code/resources/app/extensions/git/dist/main.js:2:964255)
	at V1.dispose (file:///snap/code/176/usr/share/code/resources/app/out/vs/workbench/api/node/extensionHostProcess.js:108:20090)
	at ci (file:///snap/code/176/usr/share/code/resources/app/out/vs/workbench/api/node/extensionHostProcess.js:24:699)
	at file:///snap/code/176/usr/share/code/resources/app/out/vs/workbench/api/node/extensionHostProcess.js:118:14992
	at file:///snap/code/176/usr/share/code/resources/app/out/vs/workbench/api/node/extensionHostProcess.js:24:1009
	at Object.dispose (file:///snap/code/176/usr/share/code/resources/app/out/vs/workbench/api/node/extensionHostProcess.js:7:2146)
	at z_.eb (file:///snap/code/176/usr/share/code/resources/app/out/vs/workbench/api/node/extensionHostProcess.js:118:11919)
	at file:///snap/code/176/usr/share/code/resources/app/out/vs/workbench/api/node/extensionHostProcess.js:118:9874
	at Array.map (<anonymous>)
	at z_.$ (file:///snap/code/176/usr/share/code/resources/app/out/vs/workbench/api/node/extensionHostProcess.js:118:9862)
	at z_.terminate (file:///snap/code/176/usr/share/code/resources/app/out/vs/workbench/api/node/extensionHostProcess.js:118:10105)
	at EC.terminate (file:///snap/code/176/usr/share/code/resources/app/out/vs/workbench/api/node/extensionHostProcess.js:119:1424)
	at Zi (file:///snap/code/176/usr/share/code/resources/app/out/vs/workbench/api/node/extensionHostProcess.js:174:15084)
	at MessagePortMain.<anonymous> (file:///snap/code/176/usr/share/code/resources/app/out/vs/workbench/api/node/extensionHostProcess.js:174:11632)
	at MessagePortMain.emit (node:events:519:28)
	at MessagePortMain._internalPort.emit (node:electron/js2c/utility_init:2:2949) setContext undefined
2024-11-29 23:17:25.400 [info] Extension host with pid 7609 exiting with code 0
