2024-11-29 23:00:17.911 [info] Extension host with pid 5607 started
2024-11-29 23:00:18.090 [info] ExtensionService#_doActivateExtension vscode.git-base, startup: true, activationEvent: '*', root cause: vscode.git
2024-11-29 23:00:18.107 [info] ExtensionService#_doActivateExtension vscode.git, startup: true, activationEvent: '*'
2024-11-29 23:00:18.152 [info] ExtensionService#_doActivateExtension vscode.github, startup: true, activationEvent: '*'
2024-11-29 23:00:18.228 [info] Eager extensions activated
2024-11-29 23:00:18.243 [info] ExtensionService#_doActivateExtension vscode.debug-auto-launch, startup: false, activationEvent: 'onStartupFinished'
2024-11-29 23:00:18.244 [info] ExtensionService#_doActivateExtension vscode.merge-conflict, startup: false, activationEvent: 'onStartupFinished'
2024-11-29 23:00:26.605 [info] ExtensionService#_doActivateExtension vscode.emmet, startup: false, activationEvent: 'onLanguage'
2024-11-29 23:01:02.086 [info] ExtensionService#_doActivateExtension WakaTime.vscode-wakatime, startup: false, activationEvent: '*'
2024-11-29 23:02:50.964 [info] Extension host terminating: renderer closed the MessagePort
2024-11-29 23:02:50.976 [info] Extension host with pid 5607 exiting with code 0
2024-11-29 23:02:51.771 [info] Extension host with pid 5813 started
2024-11-29 23:02:51.771 [info] Skipping acquiring lock for /home/_3xay/.config/Code/User/workspaceStorage/8874f6fd0148b1edc309b2f7ff829fd8.
2024-11-29 23:02:51.879 [info] ExtensionService#_doActivateExtension vscode.git-base, startup: true, activationEvent: '*'
2024-11-29 23:02:51.944 [info] ExtensionService#_doActivateExtension vscode.github, startup: true, activationEvent: '*'
2024-11-29 23:02:51.982 [info] Eager extensions activated
2024-11-29 23:02:52.009 [info] ExtensionService#_doActivateExtension vscode.debug-auto-launch, startup: false, activationEvent: 'onStartupFinished'
2024-11-29 23:02:52.010 [info] ExtensionService#_doActivateExtension vscode.merge-conflict, startup: false, activationEvent: 'onStartupFinished'
2024-11-29 23:02:55.321 [info] ExtensionService#_doActivateExtension vscode.git, startup: false, activationEvent: 'api', root cause: vscode.github
2024-11-29 23:02:55.397 [info] ExtensionService#_doActivateExtension WakaTime.vscode-wakatime, startup: false, activationEvent: '*'
2024-11-29 23:03:01.211 [info] ExtensionService#_doActivateExtension vscode.emmet, startup: false, activationEvent: 'onLanguage'
2024-11-29 23:05:18.087 [info] ExtensionService#_doActivateExtension vscode.configuration-editing, startup: false, activationEvent: 'onLanguage:jsonc'
2024-11-29 23:05:18.100 [info] ExtensionService#_doActivateExtension vscode.json-language-features, startup: false, activationEvent: 'onLanguage:jsonc'
2024-11-29 23:05:18.145 [info] ExtensionService#_doActivateExtension vscode.typescript-language-features, startup: false, activationEvent: 'onLanguage:jsonc'
2024-11-29 23:05:45.829 [info] Extension host terminating: renderer closed the MessagePort
2024-11-29 23:05:45.850 [info] Extension host with pid 5813 exiting with code 0
