2024-11-29 23:06:57.581 [info] Reading sessions from keychain...
2024-11-29 23:06:57.581 [info] Getting sessions for all scopes...
2024-11-29 23:06:57.581 [info] Getting sessions for all scopes...
2024-11-29 23:06:57.581 [info] Getting sessions for all scopes...
2024-11-29 23:06:57.581 [info] Getting sessions for read:user,repo,user:email,workflow...
2024-11-29 23:07:21.986 [info] Got 0 sessions for ...
2024-11-29 23:07:21.986 [info] Got 0 sessions for ...
2024-11-29 23:07:21.986 [info] Got 0 sessions for ...
2024-11-29 23:07:21.986 [info] Got 0 sessions for read:user,repo,user:email,workflow...
2024-11-29 23:07:24.223 [info] Logging in with 'any' account...
2024-11-29 23:07:24.223 [info] Logging in for the following scopes: read:user repo user:email workflow
2024-11-29 23:07:24.226 [info] Trying without local server... (read:user repo user:email workflow)
2024-11-29 23:08:27.421 [info] Exchanging code for token...
2024-11-29 23:08:32.625 [info] Token exchange success!
2024-11-29 23:08:32.625 [info] Getting user info...
2024-11-29 23:08:32.857 [info] Got account info!
2024-11-29 23:08:32.857 [info] Storing 1 sessions...
2024-11-29 23:08:32.862 [info] Reading sessions from keychain...
2024-11-29 23:08:32.862 [info] Stored 1 sessions!
2024-11-29 23:08:32.862 [info] Login success!
2024-11-29 23:08:32.886 [info] Got stored sessions!
2024-11-29 23:08:32.886 [info] Got 1 verified sessions.
2024-11-29 23:09:06.865 [info] Reading sessions from keychain...
2024-11-29 23:09:06.865 [info] Getting sessions for all scopes...
2024-11-29 23:09:06.865 [info] Getting sessions for all scopes...
2024-11-29 23:09:06.865 [info] Getting sessions for all scopes...
2024-11-29 23:09:06.865 [info] Got stored sessions!
2024-11-29 23:09:06.865 [info] Got 1 verified sessions.
2024-11-29 23:09:06.865 [info] Got 1 sessions for ...
2024-11-29 23:09:06.865 [info] Got 1 sessions for ...
2024-11-29 23:09:06.865 [info] Got 1 sessions for ...
2024-11-29 23:09:07.380 [info] Getting sessions for read:user,repo,user:email,workflow...
2024-11-29 23:09:07.380 [info] Got 1 sessions for read:user,repo,user:email,workflow...
2024-11-29 23:09:07.664 [info] Getting sessions for read:user,repo,user:email,workflow...
2024-11-29 23:09:07.664 [info] Got 1 sessions for read:user,repo,user:email,workflow...
